1534402366832	geckodriver	INFO	geckodriver 0.21.0
1534402366840	geckodriver	INFO	Listening on 127.0.0.1:51889
1534402369886	mozrunner::runner	INFO	Running command: "C:\\Program Files\\Mozilla Firefox\\firefox.exe" "-marionette" "-foreground" "-no-remote" "-profile" "C:\\Users\\NEVERG~1\\AppData\\Local\\Temp\\rust_mozprofile.Tu7UWgTzu3F7"
Unable to read VR Path Registry from C:\Users\NEVERGUVEIP\AppData\Local\openvr\openvrpaths.vrpath
Unable to read VR Path Registry from C:\Users\NEVERGUVEIP\AppData\Local\openvr\openvrpaths.vrpath
Unable to read VR Path Registry from C:\Users\NEVERGUVEIP\AppData\Local\openvr\openvrpaths.vrpath
Unable to read VR Path Registry from C:\Users\NEVERGUVEIP\AppData\Local\openvr\openvrpaths.vrpath
Unable to read VR Path Registry from C:\Users\NEVERGUVEIP\AppData\Local\openvr\openvrpaths.vrpath
1534402372100	Marionette	INFO	Listening on port 51901
1534402372177	Marionette	WARN	TLS certificate errors will be ignored for this session
JavaScript error: http://inventwithpython.com/js/bootstrap.min.js, line 7: Error: Bootstrap tooltips require Tether (http://tether.io/)
JavaScript error: http://inventwithpython.com/js/bootstrap.min.js, line 7: Error: Bootstrap tooltips require Tether (http://tether.io/)
[Parent 81896, Gecko_IOThread] WARNING: pipe error: 109: file z:/build/build/src/ipc/chromium/src/chrome/common/ipc_channel_win.cc, line 346
[Child 79056, Chrome_ChildThread] WARNING: pipe error: 109: file z:/build/build/src/ipc/chromium/src/chrome/common/ipc_channel_win.cc, line 346
[Child 79056, Chrome_ChildThread] WARNING: pipe error: 109: file z:/build/build/src/ipc/chromium/src/chrome/common/ipc_channel_win.cc, line 346
[Parent 81896, Gecko_IOThread] WARNING: pipe error: 109: file z:/build/build/src/ipc/chromium/src/chrome/common/ipc_channel_win.cc, line 346
[Child 81000, Chrome_ChildThread] WARNING: pipe error: 109: file z:/build/build/src/ipc/chromium/src/chrome/common/ipc_channel_win.cc, line 346
[Child 81000, Chrome_ChildThread] WARNING: pipe e[GPU 71032, Chrome_ChildThre
###!!! [Child][MessageChannel::SendAndWait] Error: Channel error: cannot send/recv

2893
1534402894016	Marionette	WARN	TLS certificate errors will be ignored for this session
JavaScript error: http://inventwithpython.com/js/bootstrap.min.js, line 7: Error: Bootstrap tooltips require Tether (http://tether.io/)
console.error: (new TypeError("stylesheetActor is null", "resource://devtools/shared/base-loader.js -> resource://devtools/server/actors/csscoverage.js", 339))
createEditorReportForSheet@resource://devtools/shared/base-loader.js -> resource://devtools/server/actors/csscoverage.js:339:9
handler@resource://devtools/shared/base-loader.js -> resource://devtools/shared/protocol.js:1141:19
onPacket@resource://devtools/shared/base-loader.js -> resource://devtools/server/main.js:1761:15
receiveMessage@resource://devtools/shared/base-loader.js -> resource://devtools/shared/transport/transport.js:735:7
console.error: "Protocol error (unknownError): stylesheetActor is null"
console.error: (new TypeError("can't access dead object", "resource://devtools/shared/base-loader.js -> resource://devtools/server/actors/stylesheets.js", 290))
get ownerNode@resource://devtools/shared/base-loader.js -> resource://devtools/server/actors/stylesheets.js:290:5
getCSSRules@resource://devtools/shared/base-loader.js -> resource://devtools/server/actors/stylesheets.js:394:9
_getMediaRules@resource://devtools/shared/base-loader.js -> resource://devtools/server/actors/stylesheets.js:539:12
getMediaRules@resource://devtools/shared/base-loader.js -> resource://devtools/server/actors/stylesheets.js:529:12
handler@resource://devtools/shared/base-loader.js -> resource://devtools/shared/protocol.js:1141:19
onPacket@resource://devtools/shared/base-loader.js -> resource://devtools/server/main.js:1761:15
receiveMessage@resource://devtools/shared/base-loader.js -> resource://devtools/shared/transport/transport.js:735:7
console.error: (new TypeError("contents is null", "resource://devtools/shared/base-loader.js -> resource://devtools/client/styleeditor/original-source.js", 55))
console.error: (new TypeError("contents is null", "resource://devtools/shared/base-loader.js -> resource://devtools/client/styleeditor/original-source.js", 55))
console.error: "Protocol error (unknownError): can't access dead object"
console.error: (new TypeError("can't access dead object", "resource://devtools/shared/base-loader.js -> resource://devtools/server/actors/stylesheets.js", 290))
get ownerNode@resource://devtools/shared/base-loader.js -> resource://devtools/server/actors/stylesheets.js:290:5
getCSSRules@resource://devtools/shared/base-loader.js -> resource://devtools/server/actors/stylesheets.js:394:9
_getMediaRules@resource://devtools/shared/base-loader.js -> resource://devtools/server/actors/stylesheets.js:539:12
getMediaRules@resource://devtools/shared/base-loader.js -> resource://devtools/server/actors/stylesheets.js:529:12
handler@resource://devtools/shared/base-loader.js -> resource://devtools/shared/protocol.js:1141:19
onPacket@resource://devtools/shared/base-loader.js -> resource://devtools/server/main.js:1761:15
receiveMessage@resource://devtools/shared/base-loader.js -> resource://devtools/shared/transport/transport.js:735:7
console.error: (new TypeError("can't access dead object", "resource://devtools/shared/base-loader.js -> resource://devtools/server/actors/stylesheets.js", 134))
getSheetText@resource://devtools/shared/base-loader.js -> resource://devtools/server/actors/stylesheets.js:134:7
_getText@resource://devtools/shared/base-loader.js -> resource://devtools/server/actors/stylesheets.js:506:12
getText@resource://devtools/shared/base-loader.js -> resource://devtools/server/actors/stylesheets.js:489:12
handler@resource://devtools/shared/base-loader.js -> resource://devtools/shared/protocol.js:1141:19
onPacket@resource://devtools/shared/base-loader.js -> resource://devtools/server/main.js:1761:15
receiveMessage@resource://devtools/shared/base-loader.js -> resource://devtools/shared/transport/transport.js:735:7
console.error: "Protocol error (unknownError): can't access dead object"
console.error: "Protocol error (unknownError): can't access dead object"
console.error: "Protocol error (unknownError): can't access dead object"
JavaScript error: http://inventwithpython.com/js/bootstrap.min.js, line 7: Error: Bootstrap tooltips require Tether (http://tether.io/)
console.error: (new TypeError("stylesheetActor is null", "resource://devtools/shared/base-loader.js -> resource://devtools/server/actors/csscoverage.js", 339))
createEditorReportForSheet@resource://devtools/shared/base-loader.js -> resource://devtools/server/actors/csscoverage.js:339:9
handler@resource://devtools/shared/base-loader.js -> resource://devtools/shared/protocol.js:1141:19
onPacket@resource://devtools/shared/base-loader.js -> resource://devtools/server/main.js:1761:15
receiveMessage@resource://devtools/shared/base-loader.js -> resource://devtools/shared/transport/transport.js:735:7
console.error: "Protocol error (unknownError): stylesheetActor is null"
[Child 508, Chrome_ChildThread] WARNING: pipe error: 109: file z:/build/build/src/ipc/chromium/src/chrome/common/ipc_channel_win.cc, line 346
[Child 508, Chrome_ChildT[Child 65928, Chrome_ChildThread] WARNING: pipe error: 109: file z:/build/build/src/ipc/chromium/src/chrome/common/ipc_channel_win.cc, line 346
[Child 65928, Chrome[Parent 71600, Gecko_IOThread] WARNING: pipe error: 109: file z:/build/build/src/ipc/chromium/src/chrome/common/ipc_channel_win.cc, line 346
[Child 79052, Chrome_ChildThread] WARNING: pipe error: 109: file z:/build/build/src/ipc/chromium/src/chrome/common/ipc_channel_win.cc, line 346
[Child 79052, Chrome_ChildThread] WARNING: pipe error: 1[GPU 75192, Chro
###!!! [Child][MessageChannel::SendAndWait] Error: Channel error: cannot send/recv

s\NEVERGUVEIP\AppData\Local\openvr\openvrpaths.vrpath
1534403157750	Marionette	INFO	Listening on port 54321
1534403158236	Marionette	WARN	TLS certificate errors will be ignored for this session
JavaScript error: http://inventwithpython.com/js/bootstrap.min.js, line 7: Error: Bootstrap tooltips require Tether (http://tether.io/)
[Parent 78760, Gecko_IOThread] WARNING: pipe error: 109: file z:/build/build/src/ipc/chromium/src/chrome/common/ipc_channel_win.cc, line 346
[Parent 78760, Gecko_IOThread] WARNING: pipe error: 109: file z:/build/build/src/ipc/chromium/src/chrome/common/ipc_channel_win.cc, line 346
[Child 75340, Chrome_ChildThread] WARNING: pipe error: 109: file z:/build/build/src/ipc/chromium/src/chrome/common/ipc_channel_win.cc, line 346
[Child 75340, Chrome_ChildThread] WARNING: pipe [Child 79300, Chrome_ChildThread] WARNING: pipe error: 109: file z:/build/build/src/ipc/chromium/src/chrome/common/ipc_channel_win.cc, line 346
[Child 79300, Chrom[Parent 78760, Gecko_IOThread] WARNING: pipe error: 109: file z:/build/build/src/ipc/chromium/src/chrome/common/ipc_channel_win.cc, line 346
[GPU 72768, Chrome_
###!!! [Child][MessageChannel::SendAndWait] Error: Channel error: cannot send/recv

1534403315405	Marionette	WARN	TLS certificate errors will be ignored for this session
JavaScript error: http://inventwithpython.com/js/bootstrap.min.js, line 7: Error: Bootstrap tooltips require Tether (http://tether.io/)
[Parent 81164, Gecko_IOThread] WARNING: pipe error: 109: file z:/build/build/src/ipc/chromium/src/chrome/common/ipc_channel_win.cc, line 346
[Parent 81164, Gecko_IOThread] WARNING: pipe error: 109: file z:/build/build/src/ipc/chromium/src/chrome/common/ipc_channel_win.cc, line 346
[Parent 81164, Gecko_IOThread] WARNING: pipe error: 109: file z:/build/build/src/ipc/chromium/src/chrome/common/ipc_channel_win.cc, line 346
[GPU 80652, C
###!!! [Child][MessageChannel::SendAndWait] Error: Channel error: cannot send/recv

hs.vrpath
Unable to read VR Path Registry from C:\Users\NEVERGUVEIP\AppData\Local\openvr\openvrpaths.vrpath
Unable to read VR Path Registry from C:\Users\NEVERGUVEIP\AppData\Local\openvr\openvrpaths.vrpath
Unable to read VR Path Registry from C:\Users\NEVERGUVEIP\AppData\Local\openvr\openvrpaths.vrpath
1534403399639	Marionette	INFO	Listening on port 55133
1534403400155	Marionette	WARN	TLS certificate errors will be ignored for this session
JavaScript error: http://inventwithpython.com/js/bootstrap.min.js, line 7: Error: Bootstrap tooltips require Tether (http://tether.io/)
[Parent 67456, Gecko_IOThread] WARNING: pipe error: 109: file z:/build/build/src/ipc/chromium/src/chrome/common/ipc_channel_win.cc, line 346
[Child 79508, Chrome_ChildThread] WARNING: pipe error: 109: file z:/build/build/src/ipc/chromium/src/chrome/common/ipc_channel_win.cc, line 346
[Parent 67456, Gecko_IOThread] WARNING: pipe error: 109: file z:/build/build/src/ipc/chromium/src/chrome/common/ipc_channel_win.cc, line 346

###!!! [Parent][MessageChannel] Error: (msgtype=0x16008C,name=PBrowser::Msg_UpdateNativeWindowHandle) Closed channel: cannot send/recv


###!!! [Parent][MessageChannel] Error: (msgtype=0x16007F,name=PBrowser::Msg_Destroy) Closed channel: cannot send/recv

[Child 69804, Chrome_ChildThread] WARNING: pipe error: 109: file z:/build/build/src/ipc/chromium/src/chrome/common/ipc_channel_win.cc, line 346

###!!! [Parent][MessageChannel] Error: (msgtype=0x16008C,name=PBrowser::Msg_UpdateNativeWindowHandle) Closed channel: cannot send/recv


###!!! [Parent][MessageChannel] Error: (msgtype=0x16007F,name=PBrowser::Msg_Destroy) Closed channel: cannot send/recv


###!!! [Parent][MessageChannel] Error: (msgtype=0x16008C,name=PBrowser::Msg_UpdateNativeWindowHandle) Closed channel: cannot send/recv


###!!! [Parent][MessageChannel] Error: (msgtype=0x16007F,name=PBrowser::Msg_Destroy) Closed channel: cannot send/recv


###!!! [Child][MessageChannel] Error: (msgtype=0x160001,name=PBrowser::Msg_AsyncMessage) Closed channel: cannot send/recv

[Child 69804, Chrome_ChildThread] WARNING: pipe error: 109: file z:/build/build/src/ipc/chromium/src/chrome/common/ipc_channel_win.cc, line 346
JavaScript error: chrome://global/content/viewSource-content.js, line 356: NS_ERROR_UNEXPECTED: 

###!!! [Child][MessageChannel] Error: (msgtype=0x160001,name=PBrowser::Msg_AsyncMessage) Closed channel: cannot send/recv

JavaScript error: chrome://browser/content/tab-content.js, line 282: NS_ERROR_UNEXPECTED: 

###!!! [Child][MessageChannel] Error: (msgtype=0x160001,name=PBrowser::Msg_AsyncMessage) Closed channel: cannot send/recv

JavaScript error: chrome://browser/content/content.js, line 963: NS_ERROR_UNEXPECTED: 
[Parent 67456, Gecko_IOThread] WARNING: pipe error: 109: file z:/build/build/src/ipc/chromium/src/chrome/common/ipc_channel_win.cc, line 346
[Child 63216, Chrome_ChildThread] WARNING: pipe error: 109: file z:/build/build/src/ipc/chromium/src/chrome/common/ipc_channel_win.cc, line 346
[Child 63216, Chrome_ChildThread] WARNING: pipe error: 109: file z:/build/build/src/ipc/chromium/src/chrome/common/ipc_channel_win.cc, line 346

###!!! [Child][MessageChannel] Error: (msgtype=0x16002B,name=PBrowser::Msg_SetInputContext) Closed channel: cannot send/recv


###!!! [Child][MessageChannel] Error: (msgtype=0x160001,name=PBrowser::Msg_AsyncMessage) Closed channel: cannot send/recv

JavaScript error: chrome://browser/content/tab-content.js, line 282: NS_ERROR_UNEXPECTED: 

###!!! [Child][MessageChannel] Error: (msgtype=0x160001,name=PBrowser::Msg_AsyncMessage) Closed channel: cannot send/recv

JavaScript error: chrome://browser/content/content.js, line 963: NS_ERROR_UNEXPECTED: 

###!!! [Child][MessageChannel] Error: (msgtype=0x160001,name=PBrowser::Msg_AsyncMessage) Closed channel: cannot send/recv

JavaScript error: chrome://browser/content/tab-content.js, line 282: NS_ERROR_UNEXPECTED: 

###!!! [Child][MessageChannel] Error: (msgtype=0x160001,name=PBrowser::Msg_AsyncMessage) Closed channel: cannot send/recv

JavaScript error: chrome://browser/content/content.js, line 963: NS_ERROR_UNEXPECTED: 

###!!! [Child][MessageChannel] Error: (msgtype=0x160001,name=PBrowser::Msg_AsyncMessage) Closed channel: cannot send/recv

 this session
JavaScript error: http://inventwithpython.com/js/bootstrap.min.js, line 7: Error: Bootstrap tooltips require Tether (http://tether.io/)

###!!! [Parent][DispatchAsyncMessage] Error: PClientSourceOp::Msg___delete__ Route error: message sent to unknown actor ID


###!!! [Parent][DispatchAsyncMessage] Error: PClientSourceOp::Msg___delete__ Route error: message sent to unknown actor ID

[Parent 65120, Gecko_IOThread] WARNING: pipe error: 109: file z:/build/build/src/ipc/chromium/src/chrome/common/ipc_channel_win.cc, line 346
[Child 16832, Chrome_ChildThread] WARNING: pipe error: 109: file z:/build/build/src/ipc/chromium/src/chrome/common/ipc_channel_win.cc, line 346
[Child 16832, IPDL protocol error: Handler returned error code!

###!!! [Parent][DispatchAsyncMessage] Error: PLayerTransaction::Msg_ReleaseLayer Processing error: message was deserialized, but the handler returned false (indicating failure)

IPDL protocol error: Handler returned error code!

###!!! [Parent][DispatchAsyncMessage] Error: PLayerTransaction::Msg_ReleaseLayer Processing error: message was deserialized, but the handler returned false (indicating failure)

IPDL protocol error: Handler returned error code!

###!!! [Parent][DispatchAsyncMessage] Error: PLayerTransaction::Msg_ReleaseLayer Processing error: message was deserialized, but the handler returned false (indicating failure)

[Child 68692, Chrome_ChildThread] WARNING: pipe error: 109: file z:/build/build/src/ipc/chromium/src/chrome/common/ipc_channel_win.cc, line 346
[Parent 65120, Gecko_IOThread] WARNING: pipe error: 109: file z:/build/build/src/ipc/chromium/src/chrome/common/ipc_channel_win.cc, line 346
[Child 81640, Chrome_ChildThread] WARNING: pipe error: 109: file z:/build/build/src/ipc/chromium/src/chrome/common/ipc_channel_win.cc, line 346
[GPU 50568, Chrome_C
###!!! [Child][MessageChannel::SendAndWait] Error: Channel error: cannot send/recv

eserialized, but the handler returned false (indicating failure)

IPDL protocol error: Handler returned error code!

###!!! [Parent][DispatchAsyncMessage] Error: PLayerTransaction::Msg_ReleaseLayer Processing error: message was deserialized, but the handler returned false (indicating failure)

IPDL protocol error: Handler returned error code!

###!!! [Parent][DispatchAsyncMessage] Error: PLayerTransaction::Msg_ReleaseLayer Processing error: message was deserialized, but the handler returned false (indicating failure)

IPDL protocol error: Handler returned error code!

###!!! [Parent][DispatchAsyncMessage] Error: PLayerTransaction::Msg_ReleaseLayer Processing error: message was deserialized, but the handler returned false (indicating failure)

IPDL protocol error: Handler returned error code!

###!!! [Parent][DispatchAsyncMessage] Error: PLayerTransaction::Msg_ReleaseLayer Processing error: message was deserialized, but the handler returned false (indicating failure)

IPDL protocol error: Handler returned error code!

###!!! [Parent][DispatchAsyncMessage] Error: PLayerTransaction::Msg_ReleaseLayer Processing error: message was deserialized, but the handler returned false (indicating failure)

IPDL protocol error: Handler returned error code!

###!!! [Parent][DispatchAsyncMessage] Error: PLayerTransaction::Msg_ReleaseLayer Processing error: message was deserialized, but the handler returned false (indicating failure)

IPDL protocol error: Handler returned error code!

###!!! [Parent][DispatchAsyncMessage] Error: PLayerTransaction::Msg_ReleaseLayer Processing error: message was deserialized, but the handler returned false (indicating failure)

[Child 22676, Chrome_ChildThread] WARNING: pipe error: 109: file z:/build/build/src/ipc/chromium/src/chrome/common/ipc_channel_win.cc, line 346
[Child 22676, Chrome_ChildThread] [Parent 80456, Gecko_IOThread] WARNING: pipe error: 109: file z:/build/build/src/ipc/chromium/src/chrome/common/ipc_channel_win.cc, line 346

###!!! [Child][MessageChannel::SendAndWait] Error: Channel error: cannot send/recv

1534405181463	geckodriver	INFO	geckodriver 0.21.0
1534405181473	geckodriver	INFO	Listening on 127.0.0.1:58749
1534405184507	mozrunner::runner	INFO	Running command: "C:\\Program Files\\Mozilla Firefox\\firefox.exe" "-marionette" "-foreground" "-no-remote" "-profile" "C:\\Users\\NEVERG~1\\AppData\\Local\\Temp\\rust_mozprofile.j1jsOts66ukN"
Unable to read VR Path Registry from C:\Users\NEVERGUVEIP\AppData\Local\openvr\openvrpaths.vrpath
Unable to read VR Path Registry from C:\Users\NEVERGUVEIP\AppData\Local\openvr\openvrpaths.vrpath
Unable to read VR Path Registry from C:\Users\NEVERGUVEIP\AppData\Local\openvr\openvrpaths.vrpath
Unable to read VR Path Registry from C:\Users\NEVERGUVEIP\AppData\Local\openvr\openvrpaths.vrpath
Unable to read VR Path Registry from C:\Users\NEVERGUVEIP\AppData\Local\openvr\openvrpaths.vrpath
1534405186794	Marionette	INFO	Listening on port 58757
1534405187286	Marionette	WARN	TLS certificate errors will be ignored for this session
[Parent 76824, Gecko_IOThread] WARNING: pipe error: 109: file z:/build/build/src/ipc/chromium/src/chrome/common/ipc_channel_win.cc, line 346
[Child 76992, Chrome_ChildThread] WARNING: pipe error: 109: file z:/build/build/src/ipc/chromium/src/chrome/common/ipc_channel_win.cc, line 346
[Child 76992, Chrome_ChildThread] WARNING: pipe e[Parent 76824, Gecko_IOThread] WARNING: pipe error: 109: file z:/build/build/src/ipc/chromium/src/chrome/common/ipc_channel_win.cc, line 346
[Child 58656, Chrome_ChildThread] WARNING: pipe error: 109: file z:/build/build/src/ipc/chromium/src/chrome/common/ipc_channel_win.cc, line 346
[Child 58656, Chrome_ChildThread] WARNING: pipe error: 109: file z:/build/build/src/ipc/*** UTM:SVC TimerManager:registerTimer called after profile-before-change notification. Ignoring timer registration for id: telemetry_modules_ping
[GPU 67512, Chrome_Chil
###!!! [Child][MessageChannel::SendAndWait] Error: Channel error: cannot send/recv

1534405217279	geckodriver	INFO	geckodriver 0.21.0
1534405217289	geckodriver	INFO	Listening on 127.0.0.1:58817
1534405220336	mozrunner::runner	INFO	Running command: "C:\\Program Files\\Mozilla Firefox\\firefox.exe" "-marionette" "-foreground" "-no-remote" "-profile" "C:\\Users\\NEVERG~1\\AppData\\Local\\Temp\\rust_mozprofile.szoukZSC95a6"
Unable to read VR Path Registry from C:\Users\NEVERGUVEIP\AppData\Local\openvr\openvrpaths.vrpath
Unable to read VR Path Registry from C:\Users\NEVERGUVEIP\AppData\Local\openvr\openvrpaths.vrpath
Unable to read VR Path Registry from C:\Users\NEVERGUVEIP\AppData\Local\openvr\openvrpaths.vrpath
Unable to read VR Path Registry from C:\Users\NEVERGUVEIP\AppData\Local\openvr\openvrpaths.vrpath
Unable to read VR Path Registry from C:\Users\NEVERGUVEIP\AppData\Local\openvr\openvrpaths.vrpath
1534405222627	Marionette	INFO	Listening on port 58825
1534405223126	Marionette	WARN	TLS certificate errors will be ignored for this session
[Parent 60736, Gecko_IOThread] WARNING: pipe error: 109: file z:/build/build/src/ipc/chromium/src/chrome/common/ipc_channel_win.cc, line 346
[Parent 60736, Gecko_IOThread] WARNING: pipe error: 109: file z:/build/build/src/ipc/chromium/src/chrome/common/ipc_channel_win.cc, line 346
[Child 74056, Chrome_ChildThread] WARNING: pipe error: 109: file z:/build/build/src/ipc/chromium/src/chrome/common/ipc_channel_win.cc, line 346
[Child 74056, Chrome[GPU 56292, Chrome_
###!!! [Child][MessageChannel::SendAndWait] Error: Channel error: cannot send/recv

1534405294391	geckodriver	INFO	geckodriver 0.21.0
1534405294405	geckodriver	INFO	Listening on 127.0.0.1:58884
1534405297444	mozrunner::runner	INFO	Running command: "C:\\Program Files\\Mozilla Firefox\\firefox.exe" "-marionette" "-foreground" "-no-remote" "-profile" "C:\\Users\\NEVERG~1\\AppData\\Local\\Temp\\rust_mozprofile.uzk4XY8Evqy5"
Unable to read VR Path Registry from C:\Users\NEVERGUVEIP\AppData\Local\openvr\openvrpaths.vrpath
Unable to read VR Path Registry from C:\Users\NEVERGUVEIP\AppData\Local\openvr\openvrpaths.vrpath
Unable to read VR Path Registry from C:\Users\NEVERGUVEIP\AppData\Local\openvr\openvrpaths.vrpath
Unable to read VR Path Registry from C:\Users\NEVERGUVEIP\AppData\Local\openvr\openvrpaths.vrpath
Unable to read VR Path Registry from C:\Users\NEVERGUVEIP\AppData\Local\openvr\openvrpaths.vrpath
1534405299615	Marionette	INFO	Listening on port 58892
1534405299737	Marionette	WARN	TLS certificate errors will be ignored for this session
[Parent 81036, Gecko_IOThread] WARNING: pipe error: 109: file z:/build/build/src/ipc/chromium/src/chrome/common/ipc_channel_win.cc, line 346
[Child 70084, Chrome_ChildThread] WARNING: pipe error: 109: file z:/build/build/src/ipc/chromium/src/chrome/common/ipc_channel_win.cc, line 346
[Child 70084, Chrome_ChildThread] WARNING: pipe error: 109: file z:/build/build/src/ipc/chromium/src/chrome/common/ipc_channel_win.cc, line 346
[Parent 81036, Gecko_IOThread] WARNING: pipe error: 109: file z:/build/build/src/ipc/chromium/src/chrome/common/ipc_channel_win.cc, line 346
[Child 70420, Chrome_ChildThread] WARNING: pipe error: 109: file z:/build/build/src/ipc/chromium/src/chrome/common/ipc_channel_win.cc, line 346
[Child 70420, Chrome_ChildThread] WARNING: pipe error: 109: file z:/build/build/src/ipc/chromium/src/chrome/common/ipc_*** UTM:SVC TimerManager:registerTimer called after profile-before-change notification. Ignoring timer registration for id: telemetry_modules_ping
[GPU 35556, Chrome_ChildThrea
###!!! [Child][MessageChannel::SendAndWait] Error: Channel error: cannot send/recv

1534405343609	geckodriver	INFO	geckodriver 0.21.0
1534405343618	geckodriver	INFO	Listening on 127.0.0.1:58944
1534405346682	mozrunner::runner	INFO	Running command: "C:\\Program Files\\Mozilla Firefox\\firefox.exe" "-marionette" "-foreground" "-no-remote" "-profile" "C:\\Users\\NEVERG~1\\AppData\\Local\\Temp\\rust_mozprofile.sxSW92yiu0VV"
Unable to read VR Path Registry from C:\Users\NEVERGUVEIP\AppData\Local\openvr\openvrpaths.vrpath
Unable to read VR Path Registry from C:\Users\NEVERGUVEIP\AppData\Local\openvr\openvrpaths.vrpath
Unable to read VR Path Registry from C:\Users\NEVERGUVEIP\AppData\Local\openvr\openvrpaths.vrpath
Unable to read VR Path Registry from C:\Users\NEVERGUVEIP\AppData\Local\openvr\openvrpaths.vrpath
Unable to read VR Path Registry from C:\Users\NEVERGUVEIP\AppData\Local\openvr\openvrpaths.vrpath
1534405348865	Marionette	INFO	Listening on port 58952
1534405348945	Marionette	WARN	TLS certificate errors will be ignored for this session
[Parent 79768, Gecko_IOThread] WARNING: pipe error: 109: file z:/build/build/src/ipc/chromium/src/chrome/common/ipc_channel_win.cc, line 346
*** UTM:SVC TimerManager:registerTimer called after profile-before-change notification. Ignoring timer registration for id: telemetry_modules_ping
[GPU 71772, Chrome_Chi
###!!! [Child][MessageChannel::SendAndWait] Error: Channel error: cannot send/recv

1534418163455	geckodriver	INFO	geckodriver 0.21.0
1534418163471	geckodriver	INFO	Listening on 127.0.0.1:51241
1534418166515	mozrunner::runner	INFO	Running command: "C:\\Program Files\\Mozilla Firefox\\firefox.exe" "-marionette" "-foreground" "-no-remote" "-profile" "C:\\Users\\NEVERG~1\\AppData\\Local\\Temp\\rust_mozprofile.NwtOGoTBVoiM"
Unable to read VR Path Registry from C:\Users\NEVERGUVEIP\AppData\Local\openvr\openvrpaths.vrpath
Unable to read VR Path Registry from C:\Users\NEVERGUVEIP\AppData\Local\openvr\openvrpaths.vrpath
Unable to read VR Path Registry from C:\Users\NEVERGUVEIP\AppData\Local\openvr\openvrpaths.vrpath
Unable to read VR Path Registry from C:\Users\NEVERGUVEIP\AppData\Local\openvr\openvrpaths.vrpath
Unable to read VR Path Registry from C:\Users\NEVERGUVEIP\AppData\Local\openvr\openvrpaths.vrpath
1534418168939	Marionette	INFO	Listening on port 51249
1534418169259	Marionette	WARN	TLS certificate errors will be ignored for this session
[Parent 6364, Gecko_IOThread] WARNING: pipe error: 109: file z:/build/build/src/ipc/chromium/src/chrome/common/ipc_channel_win.cc, line 346
[Parent 6364, Gecko_IOThread] WARNING: pipe error: 109: file z:/build/build/src/ipc/chromium/src/chrome/common/ipc_channel_win.cc, line 346
[Child 12992, Chrome_ChildThread] WARNING: pipe error: 109: file z:/build/build/src/ipc/chromium/src/chrome/common/ipc_channel_win.cc, line 346
[Child 12992, Chrome_Child[Child 5816, Chrome_ChildThread] WARNING: pipe error: 109: file z:/build/build/src/ipc/chromium/src/chrome/common/ipc_channel_win.cc, line 346
[Child 5816, Chrome[Parent 6364, Gecko_IOThread] WARNING: pipe error: 109: file z:/build/build/src/ipc/chromium/src/chrome/common/ipc_channel_win.cc, line 346
[Child 6564, Chrome_ChildThread] WARNING: pipe error: 109: file z:/build/build/src/ipc/chromium/src/chrome/common/ipc_channel_win.cc, line 346
[Child 6564, Chro*** UTM:SVC TimerManager:registerTimer called after profile-before-change notification. Ignoring timer registration for id: telemetry_modules_ping

###!!! [Child][MessageChannel::SendAndWait] Error: Channel error: cannot send/recv

1534418197066	geckodriver	INFO	geckodriver 0.21.0
1534418197082	geckodriver	INFO	Listening on 127.0.0.1:51294
1534418200074	mozrunner::runner	INFO	Running command: "C:\\Program Files\\Mozilla Firefox\\firefox.exe" "-marionette" "-foreground" "-no-remote" "-profile" "C:\\Users\\NEVERG~1\\AppData\\Local\\Temp\\rust_mozprofile.0HJIMbWJv3Fj"
Unable to read VR Path Registry from C:\Users\NEVERGUVEIP\AppData\Local\openvr\openvrpaths.vrpath
Unable to read VR Path Registry from C:\Users\NEVERGUVEIP\AppData\Local\openvr\openvrpaths.vrpath
Unable to read VR Path Registry from C:\Users\NEVERGUVEIP\AppData\Local\openvr\openvrpaths.vrpath
Unable to read VR Path Registry from C:\Users\NEVERGUVEIP\AppData\Local\openvr\openvrpaths.vrpath
Unable to read VR Path Registry from C:\Users\NEVERGUVEIP\AppData\Local\openvr\openvrpaths.vrpath
1534418202186	Marionette	INFO	Listening on port 51304
1534418202235	Marionette	WARN	TLS certificate errors will be ignored for this session
JavaScript error: resource://devtools/shared/base-loader.js -> resource://devtools/server/actors/highlighters/box-model.js, line 416: TypeError: quads is undefined
JavaScript error: resource://devtools/shared/base-loader.js -> resource://devtools/server/actors/highlighters/box-model.js, line 416: TypeError: quads is undefined
JavaScript error: resource://devtools/shared/base-loader.js -> resource://devtools/server/actors/highlighters/box-model.js, line 416: TypeError: quads is undefined
JavaScript error: resource://devtools/shared/base-loader.js -> resource://devtools/server/actors/highlighters/box-model.js, line 416: TypeError: quads is undefined
JavaScript error: resource://devtools/shared/base-loader.js -> resource://devtools/server/actors/highlighters/box-model.js, line 416: TypeError: quads is undefined
JavaScript error: resource://devtools/shared/base-loader.js -> resource://devtools/server/actors/highlighters/box-model.js, line 416: TypeError: quads is undefined
JavaScript error: resource://devtools/shared/base-loader.js -> resource://devtools/server/actors/highlighters/box-model.js, line 416: TypeError: quads is undefined
JavaScript error: resource://devtools/shared/base-loader.js -> resource://devtools/server/actors/highlighters/box-model.js, line 416: TypeError: quads is undefined
JavaScript error: resource://devtools/shared/base-loader.js -> resource://devtools/server/actors/highlighters/box-model.js, line 416: TypeError: quads is undefined
JavaScript error: resource://devtools/shared/base-loader.js -> resource://devtools/server/actors/highlighters/box-model.js, line 416: TypeError: quads is undefined
Handler function NetworkEventActorProxy.addResponseContent threw an exception: [Exception... "Component not initialized"  nsresult: "0xc1f30001 (NS_ERROR_NOT_INITIALIZED)"  location: "JS frame :: resource://devtools/shared/base-loader.js -> resource://devtools/shared/webconsole/network-monitor.js :: NetworkEventActorProxy.methodFactory/< :: line 1887"  data: no]
Stack: NetworkEventActorProxy.methodFactory/<@resource://devtools/shared/base-loader.js -> resource://devtools/shared/webconsole/network-monitor.js:1887:5
exports.makeInfallible/<@resource://devtools/shared/base-loader.js -> resource://devtools/shared/ThreadSafeDevToolsUtils.js:109:14
_onComplete@resource://devtools/shared/base-loader.js -> resource://devtools/shared/webconsole/network-monitor.js:663:5
onStreamClose@resource://devtools/shared/base-loader.js -> resource://devtools/shared/webconsole/network-monitor.js:612:7
onInputStreamReady@resource://devtools/shared/base-loader.js -> resource://devtools/shared/webconsole/network-monitor.js:714:7
Line: 1887, column: 0
console.error: "Handler function NetworkEventActorProxy.addResponseContent threw an exception: [Exception... \"Component not initialized\"  nsresult: \"0xc1f30001 (NS_ERROR_NOT_INITIALIZED)\"  location: \"JS frame :: resource://devtools/shared/base-loader.js -> resource://devtools/shared/webconsole/network-monitor.js :: NetworkEventActorProxy.methodFactory/< :: line 1887\"  data: no]\nStack: NetworkEventActorProxy.methodFactory/<@resource://devtools/shared/base-loader.js -> resource://devtools/shared/webconsole/network-monitor.js:1887:5\nexports.makeInfallible/<@resource://devtools/shared/base-loader.js -> resource://devtools/shared/ThreadSafeDevToolsUtils.js:109:14\n_onComplete@resource://devtools/shared/base-loader.js -> resource://devtools/shared/webconsole/network-monitor.js:663:5\nonStreamClose@resource://devtools/shared/base-loader.js -> resource://devtools/shared/webconsole/network-monitor.js:612:7\nonInputStreamReady@resource://devtools/shared/base-loader.js -> resource://devtools/shared/webconsole/network-monitor.js:714:7\nLine: 1887, column: 0"
Handler function NetworkEventActorProxy.addSecurityInfo threw an exception: [Exception... "Component not initialized"  nsresult: "0xc1f30001 (NS_ERROR_NOT_INITIALIZED)"  location: "JS frame :: resource://devtools/shared/base-loader.js -> resource://devtools/shared/webconsole/network-monitor.js :: NetworkEventActorProxy.methodFactory/< :: line 1887"  data: no]
Stack: NetworkEventActorProxy.methodFactory/<@resource://devtools/shared/base-loader.js -> resource://devtools/shared/webconsole/network-monitor.js:1887:5
exports.makeInfallible/<@resource://devtools/shared/base-loader.js -> resource://devtools/shared/ThreadSafeDevToolsUtils.js:109:14
NetworkResponseListener.prototype._getSecurityInfo<@resource://devtools/shared/base-loader.js -> resource://devtools/shared/webconsole/network-monitor.js:518:5
exports.makeInfallible/<@resource://devtools/shared/base-loader.js -> resource://devtools/shared/ThreadSafeDevToolsUtils.js:109:14
onStartRequest@resource://devtools/shared/base-loader.js -> resource://devtools/shared/webconsole/network-monitor.js:438:5
Line: 1887, column: 0
console.error: "Handler function NetworkEventActorProxy.addSecurityInfo threw an exception: [Exception... \"Component not initialized\"  nsresult: \"0xc1f30001 (NS_ERROR_NOT_INITIALIZED)\"  location: \"JS frame :: resource://devtools/shared/base-loader.js -> resource://devtools/shared/webconsole/network-monitor.js :: NetworkEventActorProxy.methodFactory/< :: line 1887\"  data: no]\nStack: NetworkEventActorProxy.methodFactory/<@resource://devtools/shared/base-loader.js -> resource://devtools/shared/webconsole/network-monitor.js:1887:5\nexports.makeInfallible/<@resource://devtools/shared/base-loader.js -> resource://devtools/shared/ThreadSafeDevToolsUtils.js:109:14\nNetworkResponseListener.prototype._getSecurityInfo<@resource://devtools/shared/base-loader.js -> resource://devtools/shared/webconsole/network-monitor.js:518:5\nexports.makeInfallible/<@resource://devtools/shared/base-loader.js -> resource://devtools/shared/ThreadSafeDevToolsUtils.js:109:14\nonStartRequest@resource://devtools/shared/base-loader.js -> resource://devtools/shared/webconsole/network-monitor.js:438:5\nLine: 1887, column: 0"
Handler function NetworkEventActorProxy.addSecurityInfo threw an exception: [Exception... "Component not initialized"  nsresult: "0xc1f30001 (NS_ERROR_NOT_INITIALIZED)"  location: "JS frame :: resource://devtools/shared/base-loader.js -> resource://devtools/shared/webconsole/network-monitor.js :: NetworkEventActorProxy.methodFactory/< :: line 1887"  data: no]
Stack: NetworkEventActorProxy.methodFactory/<@resource://devtools/shared/base-loader.js -> resource://devtools/shared/webconsole/network-monitor.js:1887:5
exports.makeInfallible/<@resource://devtools/shared/base-loader.js -> resource://devtools/shared/ThreadSafeDevToolsUtils.js:109:14
NetworkResponseListener.prototype._getSecurityInfo<@resource://devtools/shared/base-loader.js -> resource://devtools/shared/webconsole/network-monitor.js:518:5
exports.makeInfallible/<@resource://devtools/shared/base-loader.js -> resource://devtools/shared/ThreadSafeDevToolsUtils.js:109:14
onStartRequest@resource://devtools/shared/base-loader.js -> resource://devtools/shared/webconsole/network-monitor.js:438:5
Line: 1887, column: 0
console.error: "Handler function NetworkEventActorProxy.addSecurityInfo threw an exception: [Exception... \"Component not initialized\"  nsresult: \"0xc1f30001 (NS_ERROR_NOT_INITIALIZED)\"  location: \"JS frame :: resource://devtools/shared/base-loader.js -> resource://devtools/shared/webconsole/network-monitor.js :: NetworkEventActorProxy.methodFactory/< :: line 1887\"  data: no]\nStack: NetworkEventActorProxy.methodFactory/<@resource://devtools/shared/base-loader.js -> resource://devtools/shared/webconsole/network-monitor.js:1887:5\nexports.makeInfallible/<@resource://devtools/shared/base-loader.js -> resource://devtools/shared/ThreadSafeDevToolsUtils.js:109:14\nNetworkResponseListener.prototype._getSecurityInfo<@resource://devtools/shared/base-loader.js -> resource://devtools/shared/webconsole/network-monitor.js:518:5\nexports.makeInfallible/<@resource://devtools/shared/base-loader.js -> resource://devtools/shared/ThreadSafeDevToolsUtils.js:109:14\nonStartRequest@resource://devtools/shared/base-loader.js -> resource://devtools/shared/webconsole/network-monitor.js:438:5\nLine: 1887, column: 0"
Handler function NetworkEventActorProxy.addSecurityInfo threw an exception: [Exception... "Component not initialized"  nsresult: "0xc1f30001 (NS_ERROR_NOT_INITIALIZED)"  location: "JS frame :: resource://devtools/shared/base-loader.js -> resource://devtools/shared/webconsole/network-monitor.js :: NetworkEventActorProxy.methodFactory/< :: line 1887"  data: no]
Stack: NetworkEventActorProxy.methodFactory/<@resource://devtools/shared/base-loader.js -> resource://devtools/shared/webconsole/network-monitor.js:1887:5
exports.makeInfallible/<@resource://devtools/shared/base-loader.js -> resource://devtools/shared/ThreadSafeDevToolsUtils.js:109:14
NetworkResponseListener.prototype._getSecurityInfo<@resource://devtools/shared/base-loader.js -> resource://devtools/shared/webconsole/network-monitor.js:518:5
exports.makeInfallible/<@resource://devtools/shared/base-loader.js -> resource://devtools/shared/ThreadSafeDevToolsUtils.js:109:14
onStartRequest@resource://devtools/shared/base-loader.js -> resource://devtools/shared/webconsole/network-monitor.js:438:5
Line: 1887, column: 0
console.error: "Handler function NetworkEventActorProxy.addSecurityInfo threw an exception: [Exception... \"Component not initialized\"  nsresult: \"0xc1f30001 (NS_ERROR_NOT_INITIALIZED)\"  location: \"JS frame :: resource://devtools/shared/base-loader.js -> resource://devtools/shared/webconsole/network-monitor.js :: NetworkEventActorProxy.methodFactory/< :: line 1887\"  data: no]\nStack: NetworkEventActorProxy.methodFactory/<@resource://devtools/shared/base-loader.js -> resource://devtools/shared/webconsole/network-monitor.js:1887:5\nexports.makeInfallible/<@resource://devtools/shared/base-loader.js -> resource://devtools/shared/ThreadSafeDevToolsUtils.js:109:14\nNetworkResponseListener.prototype._getSecurityInfo<@resource://devtools/shared/base-loader.js -> resource://devtools/shared/webconsole/network-monitor.js:518:5\nexports.makeInfallible/<@resource://devtools/shared/base-loader.js -> resource://devtools/shared/ThreadSafeDevToolsUtils.js:109:14\nonStartRequest@resource://devtools/shared/base-loader.js -> resource://devtools/shared/webconsole/network-monitor.js:438:5\nLine: 1887, column: 0"
Handler function NetworkEventActorProxy.addResponseContent threw an exception: [Exception... "Component not initialized"  nsresult: "0xc1f30001 (NS_ERROR_NOT_INITIALIZED)"  location: "JS frame :: resource://devtools/shared/base-loader.js -> resource://devtools/shared/webconsole/network-monitor.js :: NetworkEventActorProxy.methodFactory/< :: line 1887"  data: no]
Stack: NetworkEventActorProxy.methodFactory/<@resource://devtools/shared/base-loader.js -> resource://devtools/shared/webconsole/network-monitor.js:1887:5
exports.makeInfallible/<@resource://devtools/shared/base-loader.js -> resource://devtools/shared/ThreadSafeDevToolsUtils.js:109:14
_onComplete@resource://devtools/shared/base-loader.js -> resource://devtools/shared/webconsole/network-monitor.js:663:5
onStreamClose@resource://devtools/shared/base-loader.js -> resource://devtools/shared/webconsole/network-monitor.js:620:7
onInputStreamReady@resource://devtools/shared/base-loader.js -> resource://devtools/shared/webconsole/network-monitor.js:714:7
Line: 1887, column: 0
console.error: "Handler function NetworkEventActorProxy.addResponseContent threw an exception: [Exception... \"Component not initialized\"  nsresult: \"0xc1f30001 (NS_ERROR_NOT_INITIALIZED)\"  location: \"JS frame :: resource://devtools/shared/base-loader.js -> resource://devtools/shared/webconsole/network-monitor.js :: NetworkEventActorProxy.methodFactory/< :: line 1887\"  data: no]\nStack: NetworkEventActorProxy.methodFactory/<@resource://devtools/shared/base-loader.js -> resource://devtools/shared/webconsole/network-monitor.js:1887:5\nexports.makeInfallible/<@resource://devtools/shared/base-loader.js -> resource://devtools/shared/ThreadSafeDevToolsUtils.js:109:14\n_onComplete@resource://devtools/shared/base-loader.js -> resource://devtools/shared/webconsole/network-monitor.js:663:5\nonStreamClose@resource://devtools/shared/base-loader.js -> resource://devtools/shared/webconsole/network-monitor.js:620:7\nonInputStreamReady@resource://devtools/shared/base-loader.js -> resource://devtools/shared/webconsole/network-monitor.js:714:7\nLine: 1887, column: 0"
Handler function NetworkEventActorProxy.addResponseContent threw an exception: [Exception... "Component not initialized"  nsresult: "0xc1f30001 (NS_ERROR_NOT_INITIALIZED)"  location: "JS frame :: resource://devtools/shared/base-loader.js -> resource://devtools/shared/webconsole/network-monitor.js :: NetworkEventActorProxy.methodFactory/< :: line 1887"  data: no]
Stack: NetworkEventActorProxy.methodFactory/<@resource://devtools/shared/base-loader.js -> resource://devtools/shared/webconsole/network-monitor.js:1887:5
exports.makeInfallible/<@resource://devtools/shared/base-loader.js -> resource://devtools/shared/ThreadSafeDevToolsUtils.js:109:14
_onComplete@resource://devtools/shared/base-loader.js -> resource://devtools/shared/webconsole/network-monitor.js:663:5
onStreamClose@resource://devtools/shared/base-loader.js -> resource://devtools/shared/webconsole/network-monitor.js:620:7
onInputStreamReady@resource://devtools/shared/base-loader.js -> resource://devtools/shared/webconsole/network-monitor.js:714:7
Line: 1887, column: 0
console.error: "Handler function NetworkEventActorProxy.addResponseContent threw an exception: [Exception... \"Component not initialized\"  nsresult: \"0xc1f30001 (NS_ERROR_NOT_INITIALIZED)\"  location: \"JS frame :: resource://devtools/shared/base-loader.js -> resource://devtools/shared/webconsole/network-monitor.js :: NetworkEventActorProxy.methodFactory/< :: line 1887\"  data: no]\nStack: NetworkEventActorProxy.methodFactory/<@resource://devtools/shared/base-loader.js -> resource://devtools/shared/webconsole/network-monitor.js:1887:5\nexports.makeInfallible/<@resource://devtools/shared/base-loader.js -> resource://devtools/shared/ThreadSafeDevToolsUtils.js:109:14\n_onComplete@resource://devtools/shared/base-loader.js -> resource://devtools/shared/webconsole/network-monitor.js:663:5\nonStreamClose@resource://devtools/shared/base-loader.js -> resource://devtools/shared/webconsole/network-monitor.js:620:7\nonInputStreamReady@resource://devtools/shared/base-loader.js -> resource://devtools/shared/webconsole/network-monitor.js:714:7\nLine: 1887, column: 0"
Handler function NetworkEventActorProxy.addResponseContent threw an exception: [Exception... "Component not initialized"  nsresult: "0xc1f30001 (NS_ERROR_NOT_INITIALIZED)"  location: "JS frame :: resource://devtools/shared/base-loader.js -> resource://devtools/shared/webconsole/network-monitor.js :: NetworkEventActorProxy.methodFactory/< :: line 1887"  data: no]
Stack: NetworkEventActorProxy.methodFactory/<@resource://devtools/shared/base-loader.js -> resource://devtools/shared/webconsole/network-monitor.js:1887:5
exports.makeInfallible/<@resource://devtools/shared/base-loader.js -> resource://devtools/shared/ThreadSafeDevToolsUtils.js:109:14
_onComplete@resource://devtools/shared/base-loader.js -> resource://devtools/shared/webconsole/network-monitor.js:663:5
onStreamClose@resource://devtools/shared/base-loader.js -> resource://devtools/shared/webconsole/network-monitor.js:620:7
onInputStreamReady@resource://devtools/shared/base-loader.js -> resource://devtools/shared/webconsole/network-monitor.js:714:7
Line: 1887, column: 0
console.error: "Handler function NetworkEventActorProxy.addResponseContent threw an exception: [Exception... \"Component not initialized\"  nsresult: \"0xc1f30001 (NS_ERROR_NOT_INITIALIZED)\"  location: \"JS frame :: resource://devtools/shared/base-loader.js -> resource://devtools/shared/webconsole/network-monitor.js :: NetworkEventActorProxy.methodFactory/< :: line 1887\"  data: no]\nStack: NetworkEventActorProxy.methodFactory/<@resource://devtools/shared/base-loader.js -> resource://devtools/shared/webconsole/network-monitor.js:1887:5\nexports.makeInfallible/<@resource://devtools/shared/base-loader.js -> resource://devtools/shared/ThreadSafeDevToolsUtils.js:109:14\n_onComplete@resource://devtools/shared/base-loader.js -> resource://devtools/shared/webconsole/network-monitor.js:663:5\nonStreamClose@resource://devtools/shared/base-loader.js -> resource://devtools/shared/webconsole/network-monitor.js:620:7\nonInputStreamReady@resource://devtools/shared/base-loader.js -> resource://devtools/shared/webconsole/network-monitor.js:714:7\nLine: 1887, column: 0"
JavaScript error: https://mail.google.com/_/scs/mail-static/_/js/k=gmail.main.zh_CN.IwQQornthXc.O/am=Vmf04R4Qb993MCTgdsYAy8F4KAbA_s8IslTmbX-GEQJIWQJv_vD03x5ev_9_pNkAAAAAAAAAAAAAAAAAAADgggK_/rt=j/d=1/im=1/rs=AHGWq9Aik5pJ_262mTlTZ_cacPHWtvor6g/m=sps,spl,spit,m_i,spt,t,it, line 230: NS_ERROR_NOT_INITIALIZED: 
JavaScript error: https://mail.google.com/_/scs/mail-static/_/js/k=gmail.main.zh_CN.IwQQornthXc.O/am=Vmf04R4Qb993MCTgdsYAy8F4KAbA_s8IslTmbX-GEQJIWQJv_vD03x5ev_9_pNkAAAAAAAAAAAAAAAAAAADgggK_/rt=j/d=1/im=1/rs=AHGWq9Aik5pJ_262mTlTZ_cacPHWtvor6g/m=sps,spl,spit,m_i,spt,t,it, line 230: NS_ERROR_NOT_INITIALIZED: 
Handler function NetworkEventActorProxy.addSecurityInfo threw an exception: [Exception... "Component not initialized"  nsresult: "0xc1f30001 (NS_ERROR_NOT_INITIALIZED)"  location: "JS frame :: resource://devtools/shared/base-loader.js -> resource://devtools/shared/webconsole/network-monitor.js :: NetworkEventActorProxy.methodFactory/< :: line 1887"  data: no]
Stack: NetworkEventActorProxy.methodFactory/<@resource://devtools/shared/base-loader.js -> resource://devtools/shared/webconsole/network-monitor.js:1887:5
exports.makeInfallible/<@resource://devtools/shared/base-loader.js -> resource://devtools/shared/ThreadSafeDevToolsUtils.js:109:14
NetworkResponseListener.prototype._getSecurityInfo<@resource://devtools/shared/base-loader.js -> resource://devtools/shared/webconsole/network-monitor.js:518:5
exports.makeInfallible/<@resource://devtools/shared/base-loader.js -> resource://devtools/shared/ThreadSafeDevToolsUtils.js:109:14
onStartRequest@resource://devtools/shared/base-loader.js -> resource://devtools/shared/webconsole/network-monitor.js:438:5
Line: 1887, column: 0
console.error: "Handler function NetworkEventActorProxy.addSecurityInfo threw an exception: [Exception... \"Component not initialized\"  nsresult: \"0xc1f30001 (NS_ERROR_NOT_INITIALIZED)\"  location: \"JS frame :: resource://devtools/shared/base-loader.js -> resource://devtools/shared/webconsole/network-monitor.js :: NetworkEventActorProxy.methodFactory/< :: line 1887\"  data: no]\nStack: NetworkEventActorProxy.methodFactory/<@resource://devtools/shared/base-loader.js -> resource://devtools/shared/webconsole/network-monitor.js:1887:5\nexports.makeInfallible/<@resource://devtools/shared/base-loader.js -> resource://devtools/shared/ThreadSafeDevToolsUtils.js:109:14\nNetworkResponseListener.prototype._getSecurityInfo<@resource://devtools/shared/base-loader.js -> resource://devtools/shared/webconsole/network-monitor.js:518:5\nexports.makeInfallible/<@resource://devtools/shared/base-loader.js -> resource://devtools/shared/ThreadSafeDevToolsUtils.js:109:14\nonStartRequest@resource://devtools/shared/base-loader.js -> resource://devtools/shared/webconsole/network-monitor.js:438:5\nLine: 1887, column: 0"
Handler function NetworkEventActorProxy.addResponseContent threw an exception: [Exception... "Component not initialized"  nsresult: "0xc1f30001 (NS_ERROR_NOT_INITIALIZED)"  location: "JS frame :: resource://devtools/shared/base-loader.js -> resource://devtools/shared/webconsole/network-monitor.js :: NetworkEventActorProxy.methodFactory/< :: line 1887"  data: no]
Stack: NetworkEventActorProxy.methodFactory/<@resource://devtools/shared/base-loader.js -> resource://devtools/shared/webconsole/network-monitor.js:1887:5
exports.makeInfallible/<@resource://devtools/shared/base-loader.js -> resource://devtools/shared/ThreadSafeDevToolsUtils.js:109:14
_onComplete@resource://devtools/shared/base-loader.js -> resource://devtools/shared/webconsole/network-monitor.js:663:5
onStreamClose@resource://devtools/shared/base-loader.js -> resource://devtools/shared/webconsole/network-monitor.js:612:7
onInputStreamReady@resource://devtools/shared/base-loader.js -> resource://devtools/shared/webconsole/network-monitor.js:714:7
Line: 1887, column: 0
console.error: "Handler function NetworkEventActorProxy.addResponseContent threw an exception: [Exception... \"Component not initialized\"  nsresult: \"0xc1f30001 (NS_ERROR_NOT_INITIALIZED)\"  location: \"JS frame :: resource://devtools/shared/base-loader.js -> resource://devtools/shared/webconsole/network-monitor.js :: NetworkEventActorProxy.methodFactory/< :: line 1887\"  data: no]\nStack: NetworkEventActorProxy.methodFactory/<@resource://devtools/shared/base-loader.js -> resource://devtools/shared/webconsole/network-monitor.js:1887:5\nexports.makeInfallible/<@resource://devtools/shared/base-loader.js -> resource://devtools/shared/ThreadSafeDevToolsUtils.js:109:14\n_onComplete@resource://devtools/shared/base-loader.js -> resource://devtools/shared/webconsole/network-monitor.js:663:5\nonStreamClose@resource://devtools/shared/base-loader.js -> resource://devtools/shared/webconsole/network-monitor.js:612:7\nonInputStreamReady@resource://devtools/shared/base-loader.js -> resource://devtools/shared/webconsole/network-monitor.js:714:7\nLine: 1887, column: 0"
[Parent 12228, Gecko_IOThread] WARNING: pipe error: 109: file z:/build/build/src/ipc/chromium/src/chrome/common/ipc_channel_win.cc, line 346
[Parent 12228, Gecko_IOThread] WARNING: pipe error: 109: file z:/build/build/src/ipc/chromium/src/chrome/common/ipc_channel_win.cc, line 346
[Child 12364, Chrome_ChildThread] WARNING: pipe error: 109: file z:/build/build/src/ipc/chromium/src/chrome/common/ipc_channel_win.cc, line 346
[Child 12364, Chrome_ChildThr[Child 744, Chrome_ChildThread] WARNING: pipe error: 109: file z:/build/build/src/ipc/chromium/src/chrome/common/ipc_channel_win.cc, line 346
[Child 744, Chrome[Parent 12228, Gecko_IOThread] WARNING: pipe error: 109: file z:/build/build/src/ipc/chromium/src/chrome/common/ipc_channel_win.cc, line 346
[Child 7080, Chrome_ChildThread] WARNING: pipe error: 109: file z:/build/build/src/ipc/chromium/src/chrome/common/ipc_channel_win.cc, line 346
[Child 7080, Chrome_Chil[GPU 14992, Chrome_C
###!!! [Child][MessageChannel::SendAndWait] Error: Channel error: cannot send/recv

1534418847520	geckodriver	INFO	geckodriver 0.21.0
1534418847520	geckodriver	INFO	Listening on 127.0.0.1:51546
1534418850524	mozrunner::runner	INFO	Running command: "C:\\Program Files\\Mozilla Firefox\\firefox.exe" "-marionette" "-foreground" "-no-remote" "-profile" "C:\\Users\\NEVERG~1\\AppData\\Local\\Temp\\rust_mozprofile.ufwhdMuLSDOk"
Unable to read VR Path Registry from C:\Users\NEVERGUVEIP\AppData\Local\openvr\openvrpaths.vrpath
Unable to read VR Path Registry from C:\Users\NEVERGUVEIP\AppData\Local\openvr\openvrpaths.vrpath
Unable to read VR Path Registry from C:\Users\NEVERGUVEIP\AppData\Local\openvr\openvrpaths.vrpath
Unable to read VR Path Registry from C:\Users\NEVERGUVEIP\AppData\Local\openvr\openvrpaths.vrpath
Unable to read VR Path Registry from C:\Users\NEVERGUVEIP\AppData\Local\openvr\openvrpaths.vrpath
1534418852634	Marionette	INFO	Listening on port 51554
1534418852737	Marionette	WARN	TLS certificate errors will be ignored for this session
JavaScript error: https://hangouts.google.com/_/scs/talk-static/_/js/k=wcs.inmolecalling.zh_CN.guOn2gMkC1k.O/rt=j/d=1/rs=AGyH-FteSNQ5yQw_cRTTwlKMzaD8uTZ2wg/m=inmolecalling, line 1118: Error: fa`about:/robots.txt`ppu
Unable to read VR Path Registry from C:\Users\NEVERGUVEIP\AppData\Local\openvr\openvrpaths.vrpath
IPDL protocol error: Handler returned error code!

###!!! [Parent][DispatchAsyncMessage] Error: PAPZCTreeManager::Msg_SetTargetAPZC Processing error: message was deserialized, but the handler returned false (indicating failure)

JavaScript error: , line 0: uncaught exception: CustomError: Error in protected function: Permission denied to access property "closure_uid_395281162" on cross-origin object
Unable to read VR Path Registry from C:\Users\NEVERGUVEIP\AppData\Local\openvr\openvrpaths.vrpath
JavaScript warning: https://csdnimg.cn/public/common/libs/jquery/jquery-1.9.1.min.js, line 1: Using //@ to indicate sourceMappingURL pragmas is deprecated. Use //# instead
JavaScript warning: https://csdnimg.cn/rabbit/exposure-click/main-1.0.6.js, line 556: unreachable code after return statement
JavaScript warning: https://csdnimg.cn/rabbit/exposure-click/main-1.0.6.js, line 556: unreachable code after return statement
JavaScript error: https://rabc1.iteye.com/cpro/ui/noexpire/js/2.0.0/slider.js, line 1: TypeError: window.getComputedStyle(...) is null
JavaScript error: https://rabc2.iteye.com/gqvcmmirz?ros=XRR&gsn=SXR&ns=LUUZW_UU&vde=8KKGJ0U-0Td0Td2CF70y3J4E0yE5K0TdH9P5RRW0Td1IK93C50Td45K19CJ0TdZRTW_XRY&zbyd=T&dzb=SWUVVTRUSUVZW&nm=U&nsc=R&ndw=frkjynmqr&zkb=STZROYTR&nbs=R&ohzc=SS_RR_&mom=srdzZ&kbs=T&zmc=STXUOXVX&kxd=S&zsc=zSOzS&zc=ROR&zcc=STXUOTYZR&nks=X&nw5=301r&gr3=p7bi8&c05=sikco&5r6=sgt4l&swt=1, line 57: TypeError: window.getComputedStyle(...) is null
1534429651696	Sync.ErrorHandler	ERROR	Sync encountered a login error
[Parent 5576, Gecko_IOThread] WARNING: pipe error: 109: file z:/build/build/src/ipc/chromium/src/chrome/common/ipc_channel_win.cc, line 346
[Child 14496, Chrome_ChildThread] WARNING: pipe error: 109: file z:/build/build/src/ipc/chromium/src/chrome/common/ipc_channel_win.cc, line 346
[Child 14496, Chrome_ChildThread] WARNING: pipe error: 109: file z:/build/build/src/ipc/chromium/src/chrome/common/ipc_channel_win.cc, line 346
[Parent 5576, Gecko_IOThread] WARNING: pipe error: 109: file z:/build/build/src/ipc/chromium/src/chrome/common/ipc_channel_win.cc, line 346
[Parent 5576, Gecko_IOThread] WARNING: pipe error: 109: file z:/build/build/src/ipc/chromium/src/chrome/common/ipc_channel_win.cc, line 346

###!!! [Parent][MessageChannel] Error: (msgtype=0x16008C,name=PBrowser::Msg_UpdateNativeWindowHandle) Closed channel: cannot send/recv


###!!! [Parent][MessageChannel] Error: (msgtype=0x16007F,name=PBrowser::Msg_Destroy) Closed channel: cannot send/recv

[Child 7072, Chrome_ChildThread] WARNING: pipe error: 109: file z:/build/build/src/ipc/chromium/src/chrome/common/ipc_channel_win.cc, line 346
[Child 7072, Chrome_ChildThread] WARNING: pipe error: 109: file z:/build/build/src/ipc/chromium/src/chrome/common/ipc_channel_win.cc, line 346

###!!! [Child][MessageChannel] Error: (msgtype=0x160001,name=PBrowser::Msg_AsyncMessage) Closed channel: cannot send/recv

JavaScript error: chrome://browser/content/tab-content.js, line 282: NS_ERROR_UNEXPECTED: 

###!!! [Child][MessageChannel] Error: (msgtype=0x160001,name=PBrowser::Msg_AsyncMessage) Closed channel: cannot send/recv

JavaScript error: chrome://browser/content/content.js, line 963: NS_ERROR_UNEXPECTED: 
[Parent 5576, Gecko_IOThread] WARNING: pipe error: 109: file z:/build/build/src/ipc/chromium/src/chrome/common/ipc_channel_win.cc, line 346

###!!! [Parent][MessageChannel] Error: (msgtype=0x16008C,name=PBrowser::Msg_UpdateNativeWindowHandle) Closed channel: cannot send/recv


###!!! [Parent][MessageChannel] Error: (msgtype=0x16007F,name=PBrowser::Msg_Destroy) Closed channel: cannot send/recv

[Child 13976, Chrome_ChildThread] WARNING: pipe error: 109: file z:/build/build/src/ipc/chromium/src/chrome/common/ipc_channel_win.cc, line 346

###!!! [Child][MessageChannel] Error: (msgtype=0x160001,name=PBrowser::Msg_AsyncMessage) Closed channel: cannot send/recv

JavaScript error: chrome://browser/content/tab-content.js, line 282: NS_ERROR_UNEXPECTED: 

###!!! [Child][MessageChannel] Error: (msgtype=0x160001,name=PBrowser::Msg_AsyncMessage) Closed channel: cannot send/recv

JavaScript error: chrome://browser/content/content.js, line 963: NS_ERROR_UNEXPECTED: 

###!!! [Child][MessageChannel] Error: (msgtype=0x160001,name=PBrowser::Msg_AsyncMessage) Closed channel: cannot send/recv


###!!! [Child][MessageChannel] Error: (msgtype=0x16002B,name=PBrowser::Msg_SetInputContext) Closed channel: cannot send/recv

[Parent 5576, Gecko_IOThread] WARNING: pipe error: 109: file z:/build/build/src/ipc/chromium/src/chrome/common/ipc_channel_win.cc, line 346

###!!! [Parent][MessageChannel] Error: (msgtype=0x16008C,name=PBrowser::Msg_UpdateNativeWindowHandle) Closed channel: cannot send/recv


###!!! [Parent][MessageChannel] Error: (msgtype=0x16007F,name=PBrowser::Msg_Destroy) Closed channel: cannot send/recv

[Child 13092, Chrome_ChildThread] WARNING: pipe error: 109: file z:/build/build/src/ipc/chromium/src/chrome/common/ipc_channel_win.cc, line 346
[Child 13092, Chrome_ChildThread] WARNING: pipe error: 109: file z:/build/build/src/ipc/chromium/src/chrome/common/ipc_channel_win.cc, line 346

###!!! [Child][MessageChannel] Error: (msgtype=0x160001,name=PBrowser::Msg_AsyncMessage) Closed channel: cannot send/recv

JavaScript error: chrome://browser/content/tab-content.js, line 282: NS_ERROR_UNEXPECTED: 

###!!! [Child][MessageChannel] Error: (msgtype=0x160001,name=PBrowser::Msg_AsyncMessage) Closed channel: cannot send/recv

JavaScript error: chrome://browser/content/content.js, line 963: NS_ERROR_UNEXPECTED: 

###!!! [Child][MessageChannel] Error: (msgtype=0x160028,name=PBrowser::Msg_EnableDisableCommands) Closed channel: cannot send/recv


###!!! [Child][MessageChannel] Error: (msgtype=0x16002B,name=PBrowser::Msg_SetInputContext) Closed channel: cannot send/recv


###!!! [Child][MessageChannel] Error: (msgtype=0x16002B,name=PBrowser::Msg_SetInputContext) Closed channel: cannot send/recv


###!!! [Child][MessageChannel] Error: (msgtype=0x45000F,name=PHal::Msg_ModifyWakeLock) Closed channel: cannot send/recv


###!!! [Child][MessageChannel] Error: (msgtype=0x16002B,name=PBrowser::Msg_SetInputContext) Closed channel: cannot send/recv

1534468849333	geckodriver	INFO	geckodriver 0.21.0
1534468849355	geckodriver	INFO	Listening on 127.0.0.1:63805
1534468852363	mozrunner::runner	INFO	Running command: "C:\\Program Files\\Mozilla Firefox\\firefox.exe" "-marionette" "-foreground" "-no-remote" "-profile" "C:\\Users\\NEVERG~1\\AppData\\Local\\Temp\\rust_mozprofile.6itf8CgMjvLZ"
Unable to read VR Path Registry from C:\Users\NEVERGUVEIP\AppData\Local\openvr\openvrpaths.vrpath
Unable to read VR Path Registry from C:\Users\NEVERGUVEIP\AppData\Local\openvr\openvrpaths.vrpath
Unable to read VR Path Registry from C:\Users\NEVERGUVEIP\AppData\Local\openvr\openvrpaths.vrpath
Unable to read VR Path Registry from C:\Users\NEVERGUVEIP\AppData\Local\openvr\openvrpaths.vrpath
Unable to read VR Path Registry from C:\Users\NEVERGUVEIP\AppData\Local\openvr\openvrpaths.vrpath
1534468856579	Marionette	INFO	Listening on port 63813
1534468856799	Marionette	WARN	TLS certificate errors will be ignored for this session
JavaScript warning: https://rescdn.qqmail.com/zh_CN/htmledition/js/all3fb4e1.js, line 1685: unreachable code after return statement
JavaScript warning: https://rescdn.qqmail.com/zh_CN/htmledition/js/all3fb4e1.js, line 1685: unreachable code after return statement
JavaScript warning: https://rescdn.qqmail.com/zh_CN/htmledition/js/readmail23fb4e1.js, line 115: unreachable code after return statement
JavaScript warning: https://rescdn.qqmail.com/zh_CN/htmledition/js/readmail23fb4e1.js, line 4093: unreachable code after return statement
JavaScript warning: https://rescdn.qqmail.com/zh_CN/htmledition/js/compose23f1bc2.js, line 8625: unreachable code after return statement
[Parent 17032, Gecko_IOThread] WARNING: pipe error: 109: file z:/build/build/src/ipc/chromium/src/chrome/common/ipc_channel_win.cc, line 346
[Parent 17032, Gecko_IOThread] WARNING: pipe error: 109: file z:/build/build/src/ipc/chromium/src/chrome/common/ipc_channel_win.cc, line 346
[Child 19052, Chrome_ChildThread] WARNING: pipe error: 109: file z:/build/build/src/ipc/chromium/src/chrome/common/ipc_channel_win.cc, line 346

###!!! [Child][RunMessage] Error: Channel closing: too late to send/recv, messages will be lost

[Parent 17032, Gecko_IOThread] WARNING: pipe error: 109: file z:/build/build/src/ipc/chromium/src/chrome/common/ipc_channel_win.cc, line 346
[Child 12740, Chrome_ChildThread] WARNING: pipe error: 109: file z:/build/build/src/ipc/chromium/src/chrome/common/ipc_channel_win.cc, line 346
[Child 12740, Chr[GPU 20108,
###!!! [Child][MessageChannel::SendAndWait] Error: Channel error: cannot send/recv

1534468929690	geckodriver	INFO	geckodriver 0.21.0
1534468929705	geckodriver	INFO	Listening on 127.0.0.1:64064
1534468932716	mozrunner::runner	INFO	Running command: "C:\\Program Files\\Mozilla Firefox\\firefox.exe" "-marionette" "-foreground" "-no-remote" "-profile" "C:\\Users\\NEVERG~1\\AppData\\Local\\Temp\\rust_mozprofile.V7zDLCRx88ox"
Unable to read VR Path Registry from C:\Users\NEVERGUVEIP\AppData\Local\openvr\openvrpaths.vrpath
Unable to read VR Path Registry from C:\Users\NEVERGUVEIP\AppData\Local\openvr\openvrpaths.vrpath
Unable to read VR Path Registry from C:\Users\NEVERGUVEIP\AppData\Local\openvr\openvrpaths.vrpath
Unable to read VR Path Registry from C:\Users\NEVERGUVEIP\AppData\Local\openvr\openvrpaths.vrpath
Unable to read VR Path Registry from C:\Users\NEVERGUVEIP\AppData\Local\openvr\openvrpaths.vrpath
1534468935654	Marionette	INFO	Listening on port 64072
1534468936023	Marionette	WARN	TLS certificate errors will be ignored for this session
JavaScript warning: https://rescdn.qqmail.com/zh_CN/htmledition/js/all3fb4e1.js, line 1685: unreachable code after return statement
JavaScript warning: https://rescdn.qqmail.com/zh_CN/htmledition/js/all3fb4e1.js, line 1685: unreachable code after return statement
JavaScript warning: https://rescdn.qqmail.com/zh_CN/htmledition/js/readmail23fb4e1.js, line 115: unreachable code after return statement
JavaScript warning: https://rescdn.qqmail.com/zh_CN/htmledition/js/readmail23fb4e1.js, line 4093: unreachable code after return statement
JavaScript warning: https://rescdn.qqmail.com/zh_CN/htmledition/js/compose23f1bc2.js, line 8625: unreachable code after return statement
[Parent 13672, Gecko_IOThread] WARNING: pipe error: 109: file z:/build/build/src/ipc/chromium/src/chrome/common/ipc_channel_win.cc, line 346
[Parent 13672, Gecko_IOThread] WARNING: pipe error: 109: file z:/build/build/src/ipc/chromium/src/chrome/common/ipc_channel_win.cc, line 346
[Child 13460, Chrome_ChildThread] WARNING: pipe error: 109: file z:/build/build/src/ipc/chromium/src/chrome/common/ipc_channel_win.cc, line 346
[Child 13460, Chrome_ChildThread] WARNING: pipe error: 109: file z:/build/build/src/ipc/chromium/src/chrome/common/ipc_channel_win.cc, line 346
[Parent 13672, Gecko_IOThread] WARNING: pipe error: 109: file z:/build/build/src/ipc/chromium/src/chrome/common/ipc_channel_win.cc, line 346
[GPU 9200, Chrome_Chi
###!!! [Child][MessageChannel::SendAndWait] Error: Channel error: cannot send/recv

s.vrpath
1534469093716	Marionette	INFO	Listening on port 64337
1534469094146	Marionette	WARN	TLS certificate errors will be ignored for this session
JavaScript warning: https://rescdn.qqmail.com/zh_CN/htmledition/js/all3fb4e1.js, line 1685: unreachable code after return statement
JavaScript warning: https://rescdn.qqmail.com/zh_CN/htmledition/js/all3fb4e1.js, line 1685: unreachable code after return statement
JavaScript warning: https://rescdn.qqmail.com/zh_CN/htmledition/js/readmail23fb4e1.js, line 115: unreachable code after return statement
JavaScript warning: https://rescdn.qqmail.com/zh_CN/htmledition/js/readmail23fb4e1.js, line 4093: unreachable code after return statement
JavaScript warning: https://rescdn.qqmail.com/zh_CN/htmledition/js/compose23f1bc2.js, line 8625: unreachable code after return statement
[Parent 13248, Gecko_IOThread] WARNING: pipe error: 109: file z:/build/build/src/ipc/chromium/src/chrome/common/ipc_channel_win.cc, line 346
[Parent 13248, Gecko_IOThread] WARNING: pipe error: 109: file z:/build/build/src/ipc/chromium/src/chrome/common/ipc_channel_win.cc, line 346
[Child 9416, Chrome_ChildThread] WARNING: pipe error: 109: file z:/build/build/src/ipc/chromium/src/chrome/common/ipc_channel_win.cc, line 346
[Child 9416, [Parent 13248, Gecko_IOThread] WARNING: pipe error: 109: file z:/build/build/src/ipc/chromium/src/chrome/common/ipc_channel_win.cc, line 346
[Child 13968, Chrome_ChildThread] WARNING: pipe error: 109: file z:/build/build/src/ipc/chromium/src/chrome/common/ipc_channel_win.cc, line 346
[Child 13968, Chrome_ChildThread] WARNING: pipe error: 109: file z:/build/build/src/ipc/chromium/src/chrome/common/ipc_channel_win.cc, line 346
*** UTM:SVC TimerManager:registerTimer called after profile-before-change notification. Ignoring timer registration for id: telemetry_modules_ping
[GPU 8124, Chrome_Ch
###!!! [Child][MessageChannel::SendAndWait] Error: Channel error: cannot send/recv

1534469135523	geckodriver	INFO	geckodriver 0.21.0
1534469135535	geckodriver	INFO	Listening on 127.0.0.1:64585
1534469138508	mozrunner::runner	INFO	Running command: "C:\\Program Files\\Mozilla Firefox\\firefox.exe" "-marionette" "-foreground" "-no-remote" "-profile" "C:\\Users\\NEVERG~1\\AppData\\Local\\Temp\\rust_mozprofile.tHtJEM7YEuMX"
Unable to read VR Path Registry from C:\Users\NEVERGUVEIP\AppData\Local\openvr\openvrpaths.vrpath
Unable to read VR Path Registry from C:\Users\NEVERGUVEIP\AppData\Local\openvr\openvrpaths.vrpath
Unable to read VR Path Registry from C:\Users\NEVERGUVEIP\AppData\Local\openvr\openvrpaths.vrpath
Unable to read VR Path Registry from C:\Users\NEVERGUVEIP\AppData\Local\openvr\openvrpaths.vrpath
Unable to read VR Path Registry from C:\Users\NEVERGUVEIP\AppData\Local\openvr\openvrpaths.vrpath
1534469141614	Marionette	INFO	Listening on port 64593
1534469141853	Marionette	WARN	TLS certificate errors will be ignored for this session
[Parent 20292, Gecko_IOThread] WARNING: pipe error: 109: file z:/build/build/src/ipc/chromium/src/chrome/common/ipc_channel_win.cc, line 346
[Parent 20292, Gecko_IOThread] WARNING: pipe error: 109: file z:/build/build/src/ipc/chromium/src/chrome/common/ipc_channel_win.cc, line 346
[Child 9612, Chrome_ChildThread] WARNING: pipe error: 109: file z:/build/build/src/ipc/chromium/src/chrome/common/ipc_channel_win.cc, line 346
[Parent 20292, Gecko_IOThread] WARNING: pipe error: 109: file z:/build/build/src/ipc/chromium/src/chrome/common/ipc_channel_win.cc, line 346
[Child 6824, Chrome_ChildThread] WARNING: pipe error: 109: file z:/build/build/src/ipc/chromium/src/chrome/common/ipc_channel_win.cc, line 346
[Child 6824, Chrome_Ch*** UTM:SVC TimerManager:registerTimer called after profile-before-change notification. Ignoring timer registration for id: telemetry_modules_ping
[GPU 19052, Chrome_C
###!!! [Child][MessageChannel::SendAndWait] Error: Channel error: cannot send/recv

1534469173351	geckodriver	INFO	geckodriver 0.21.0
1534469173367	geckodriver	INFO	Listening on 127.0.0.1:64790
1534469176359	mozrunner::runner	INFO	Running command: "C:\\Program Files\\Mozilla Firefox\\firefox.exe" "-marionette" "-foreground" "-no-remote" "-profile" "C:\\Users\\NEVERG~1\\AppData\\Local\\Temp\\rust_mozprofile.jZD03axoItRE"
Unable to read VR Path Registry from C:\Users\NEVERGUVEIP\AppData\Local\openvr\openvrpaths.vrpath
Unable to read VR Path Registry from C:\Users\NEVERGUVEIP\AppData\Local\openvr\openvrpaths.vrpath
Unable to read VR Path Registry from C:\Users\NEVERGUVEIP\AppData\Local\openvr\openvrpaths.vrpath
Unable to read VR Path Registry from C:\Users\NEVERGUVEIP\AppData\Local\openvr\openvrpaths.vrpath
Unable to read VR Path Registry from C:\Users\NEVERGUVEIP\AppData\Local\openvr\openvrpaths.vrpath
1534469179230	Marionette	INFO	Listening on port 64798
1534469179641	Marionette	WARN	TLS certificate errors will be ignored for this session
[Parent 9292, Gecko_IOThread] WARNING: pipe error: 109: file z:/build/build/src/ipc/chromium/src/chrome/common/ipc_channel_win.cc, line 346
[Parent 9292, Gecko_IOThread] WARNING: pipe error: 109: file z:/build/build/src/ipc/chromium/src/chrome/common/ipc_channel_win.cc, line 346
[Child 12400, Chrome_ChildThread] WARNIN[Child 3728, Chrome_ChildThread] WARNING: pipe error: 109: file z:/build/build/src/ipc/chromium/src/chrome/common/ipc_channel_win.cc, line 346
[Child 3728, Chrome_ChildThr[Parent 9292, Gecko_IOThread] WARNING: pipe error: 109: file z:/build/build/src/ipc/chromium/src/chrome/common/ipc_channel_win.cc, line 346
[Child 19460, Chrome_ChildThread] WARNING: pipe error: 109: file z:/build/build/src/ipc/chromium/src/chrome/common/ipc_channel_win.cc, line 346
[Child 19460, Chrome_Chi*** UTM:SVC TimerManager:registerTimer called after profile-before-change notification. Ignoring timer registration for id: telemetry_modules_ping
[GPU 12160, Chrome_ChildT
###!!! [Child][MessageChannel::SendAndWait] Error: Channel error: cannot send/recv

1534471221804	geckodriver	INFO	geckodriver 0.21.0
1534471221820	geckodriver	INFO	Listening on 127.0.0.1:50067
1534471224838	mozrunner::runner	INFO	Running command: "C:\\Program Files\\Mozilla Firefox\\firefox.exe" "-marionette" "-foreground" "-no-remote" "-profile" "C:\\Users\\NEVERG~1\\AppData\\Local\\Temp\\rust_mozprofile.8r3trmgjiivx"
Unable to read VR Path Registry from C:\Users\NEVERGUVEIP\AppData\Local\openvr\openvrpaths.vrpath
Unable to read VR Path Registry from C:\Users\NEVERGUVEIP\AppData\Local\openvr\openvrpaths.vrpath
Unable to read VR Path Registry from C:\Users\NEVERGUVEIP\AppData\Local\openvr\openvrpaths.vrpath
Unable to read VR Path Registry from C:\Users\NEVERGUVEIP\AppData\Local\openvr\openvrpaths.vrpath
Unable to read VR Path Registry from C:\Users\NEVERGUVEIP\AppData\Local\openvr\openvrpaths.vrpath
1534471227054	Marionette	INFO	Listening on port 50075
1534471227118	Marionette	WARN	TLS certificate errors will be ignored for this session
[Parent 11916, Gecko_IOThread] WARNING: pipe error: 109: file z:/build/build/src/ipc/chromium/src/chrome/common/ipc_channel_win.cc, line 346
[Parent 11916, Gecko_IOThread] WARNING: pipe error: 109: file z:/build/build/src/ipc/chromium/src/chrome/common/ipc_channel_win.cc, line 346
[Child 18860, Chrome_ChildThread] WARNING: pipe error: 109: file z:/build/build/src/ipc/chromium/src/chrome/common/ipc_channel_win.cc, line 346
[Child 18580, Chrome_ChildThread] WARNING: pipe error: 109: file z:/build/build/src/ipc/chromium/src/chrome/common/ipc_channel_win.cc, line 346
[Child 18580, Chrome_ChildT[Parent 11916, Gecko_IOThread] WARNING: pipe error: 109: file z:/build/build/src/ipc/chromium/src/chrome/common/ipc_channel_win.cc, line 346
[Child 19528, Chrome_ChildThread] WARNING: pipe error: 109: file z:/build/build/src/ipc/chromium/src/chrome/common/ipc_channel_win.cc, line 346
[Child 19528, Chrome_ChildThread] WARNING: pipe error: 109: file z:/build/build/src/ipc/chromium/src/chro*** UTM:SVC TimerManager:registerTimer called after profile-before-change notification. Ignoring timer registration for id: telemetry_modules_ping
[GPU 11636, Chrome
###!!! [Child][MessageChannel::SendAndWait] Error: Channel error: cannot send/recv

1534471251527	geckodriver	INFO	geckodriver 0.21.0
1534471251527	geckodriver	INFO	Listening on 127.0.0.1:50145
1534471254544	mozrunner::runner	INFO	Running command: "C:\\Program Files\\Mozilla Firefox\\firefox.exe" "-marionette" "-foreground" "-no-remote" "-profile" "C:\\Users\\NEVERG~1\\AppData\\Local\\Temp\\rust_mozprofile.VEAUw7c1XTrm"
Unable to read VR Path Registry from C:\Users\NEVERGUVEIP\AppData\Local\openvr\openvrpaths.vrpath
Unable to read VR Path Registry from C:\Users\NEVERGUVEIP\AppData\Local\openvr\openvrpaths.vrpath
Unable to read VR Path Registry from C:\Users\NEVERGUVEIP\AppData\Local\openvr\openvrpaths.vrpath
Unable to read VR Path Registry from C:\Users\NEVERGUVEIP\AppData\Local\openvr\openvrpaths.vrpath
Unable to read VR Path Registry from C:\Users\NEVERGUVEIP\AppData\Local\openvr\openvrpaths.vrpath
1534471256845	Marionette	INFO	Listening on port 50153
1534471257327	Marionette	WARN	TLS certificate errors will be ignored for this session
[Child 19972, Chrome_ChildThread] WARNING: pipe error: 109: file z:/build/build/src/ipc/chromium/src/chrome/common/ipc_channel_win.cc, line 346
[Child 19972, Chrome_ChildThread] WARNING: pipe error: 109: file z:/build/build/src/ipc/chromium/src/chrome/common/ipc_channel_win.cc, line 346
[Child 16944, Chrome_ChildThread] WARNING: pipe error: 109: file z:/build/build/src/ipc/chromium/src/chrome/common/ipc_channel_win.cc, line 346
[Child 16944, Chrome_ChildThread] WARNING: pipe error: 109: file z:/buil[Parent 8820, Gecko_IOThread] WARNING: pipe error: 109: file z:/build/build/src/ipc/chromium/src/chrome/common/ipc_channel_win.cc, line 346
*** UTM:SVC TimerManager:registerTimer called after profile-before-change notification. Ignoring timer registration for id: telemetry_modules_ping
[GPU 13524, Chrome_ChildThre
###!!! [Child][MessageChannel::SendAndWait] Error: Channel error: cannot send/recv

1534471293124	geckodriver	INFO	geckodriver 0.21.0
1534471293140	geckodriver	INFO	Listening on 127.0.0.1:50226
1534471296163	mozrunner::runner	INFO	Running command: "C:\\Program Files\\Mozilla Firefox\\firefox.exe" "-marionette" "-foreground" "-no-remote" "-profile" "C:\\Users\\NEVERG~1\\AppData\\Local\\Temp\\rust_mozprofile.2VFM43rOtH0g"
Unable to read VR Path Registry from C:\Users\NEVERGUVEIP\AppData\Local\openvr\openvrpaths.vrpath
Unable to read VR Path Registry from C:\Users\NEVERGUVEIP\AppData\Local\openvr\openvrpaths.vrpath
Unable to read VR Path Registry from C:\Users\NEVERGUVEIP\AppData\Local\openvr\openvrpaths.vrpath
Unable to read VR Path Registry from C:\Users\NEVERGUVEIP\AppData\Local\openvr\openvrpaths.vrpath
Unable to read VR Path Registry from C:\Users\NEVERGUVEIP\AppData\Local\openvr\openvrpaths.vrpath
1534471298256	Marionette	INFO	Listening on port 50234
1534471298343	Marionette	WARN	TLS certificate errors will be ignored for this session
[Child 14888, Chrome_ChildThread] WARNING: pipe error: 109: file z:/build/build/src/ipc/chromium/src/chrome/common/ipc_channel_win.cc, line 346
[Child 3672, Chrome_ChildThread] WARNING: pipe error: 109: file z:/build/build/src/ipc/chromium/src/chrome/common/ipc_channel_win.cc, line 346
[Child 3672, Chrome_C*** UTM:SVC TimerManager:registerTimer called after profile-before-change notification. Ignoring timer registration for id: telemetry_modules_ping
[GPU 9404, Chrome_ChildThread] WARNI
###!!! [Child][MessageChannel::SendAndWait] Error: Channel error: cannot send/recv

1534471372319	geckodriver	INFO	geckodriver 0.21.0
1534471372335	geckodriver	INFO	Listening on 127.0.0.1:50308
1534471375371	mozrunner::runner	INFO	Running command: "C:\\Program Files\\Mozilla Firefox\\firefox.exe" "-marionette" "-foreground" "-no-remote" "-profile" "C:\\Users\\NEVERG~1\\AppData\\Local\\Temp\\rust_mozprofile.0LWmqCmHCR01"
Unable to read VR Path Registry from C:\Users\NEVERGUVEIP\AppData\Local\openvr\openvrpaths.vrpath
Unable to read VR Path Registry from C:\Users\NEVERGUVEIP\AppData\Local\openvr\openvrpaths.vrpath
Unable to read VR Path Registry from C:\Users\NEVERGUVEIP\AppData\Local\openvr\openvrpaths.vrpath
Unable to read VR Path Registry from C:\Users\NEVERGUVEIP\AppData\Local\openvr\openvrpaths.vrpath
Unable to read VR Path Registry from C:\Users\NEVERGUVEIP\AppData\Local\openvr\openvrpaths.vrpath
1534471377305	Marionette	INFO	Listening on port 50316
1534471377536	Marionette	WARN	TLS certificate errors will be ignored for this session
[Parent 4420, Gecko_IOThread] WARNING: pipe error: 109: file z:/build/build/src/ipc/chromium/src/chrome/common/ipc_channel_win.cc, line 346
[Child 11256, Chrome_ChildThread] WARNING: pipe error: 109: file z:/build/build/src/ipc/chromium/src/chrome/common/ipc_channel_win.cc, line 346
[Child 11256, Chrome_ChildThread] WARNING: pipe error: 109: file z:/build/build/src/ipc/chromium/src/chrome/common/ipc_channel_win.cc, line 346
[Parent 4420, Gecko_IOThread] WARNING: pipe error: 109: file z:/build/build/src/ipc/chromium/src/chrome/common/ipc_channel_win.cc, line 346
[Child 5868, Chrome_ChildThread] WARNING: pipe error: 109: file z:/build/build/src/ipc/chromium/src/chrome/common/ipc_channel_win.cc, line 346
[Child 5868, Chrome_ChildThread] WARNING: pipe error: 109: file z:/build/build/src/ipc/chromium/src/chrome/common/ipc_channel_win.cc, line 346
[GPU 19268, Chro
###!!! [Child][MessageChannel::SendAndWait] Error: Channel error: cannot send/recv

1534471724629	geckodriver	INFO	geckodriver 0.21.0
1534471724637	geckodriver	INFO	Listening on 127.0.0.1:50404
1534471727642	mozrunner::runner	INFO	Running command: "C:\\Program Files\\Mozilla Firefox\\firefox.exe" "-marionette" "-foreground" "-no-remote" "-profile" "C:\\Users\\NEVERG~1\\AppData\\Local\\Temp\\rust_mozprofile.9hfOS9eJ1946"
Unable to read VR Path Registry from C:\Users\NEVERGUVEIP\AppData\Local\openvr\openvrpaths.vrpath
Unable to read VR Path Registry from C:\Users\NEVERGUVEIP\AppData\Local\openvr\openvrpaths.vrpath
Unable to read VR Path Registry from C:\Users\NEVERGUVEIP\AppData\Local\openvr\openvrpaths.vrpath
Unable to read VR Path Registry from C:\Users\NEVERGUVEIP\AppData\Local\openvr\openvrpaths.vrpath
Unable to read VR Path Registry from C:\Users\NEVERGUVEIP\AppData\Local\openvr\openvrpaths.vrpath
1534471729729	Marionette	INFO	Listening on port 50412
1534471729829	Marionette	WARN	TLS certificate errors will be ignored for this session
[Parent 17156, Gecko_IOThread] WARNING: pipe error: 109: file z:/build/build/src/ipc/chromium/src/chrome/common/ipc_channel_win.cc, line 346
[Parent 17156, Gecko_IOThread] WARNING: pipe error: 109: file z:/build/build/src/ipc/chromium/src/chrome/common/ipc_channel_win.cc, line 346
[Parent 17156, Gecko_IOThread] WARNING: pipe error: 109: file z:/build/build/src/ipc/chromium/src/chrome/common/ipc_channel_win.cc, line 346
*** UTM:SVC TimerManager:registerTimer called after profile-before-change notification. Ignoring timer registration for id: telemetry_modules_ping
[GPU 8108, Chr
###!!! [Child][MessageChannel::SendAndWait] Error: Channel error: cannot send/recv

1534471753820	geckodriver	INFO	geckodriver 0.21.0
1534471753836	geckodriver	INFO	Listening on 127.0.0.1:50478
1534471756824	mozrunner::runner	INFO	Running command: "C:\\Program Files\\Mozilla Firefox\\firefox.exe" "-marionette" "-foreground" "-no-remote" "-profile" "C:\\Users\\NEVERG~1\\AppData\\Local\\Temp\\rust_mozprofile.ReNrqLCIkFz2"
Unable to read VR Path Registry from C:\Users\NEVERGUVEIP\AppData\Local\openvr\openvrpaths.vrpath
Unable to read VR Path Registry from C:\Users\NEVERGUVEIP\AppData\Local\openvr\openvrpaths.vrpath
Unable to read VR Path Registry from C:\Users\NEVERGUVEIP\AppData\Local\openvr\openvrpaths.vrpath
Unable to read VR Path Registry from C:\Users\NEVERGUVEIP\AppData\Local\openvr\openvrpaths.vrpath
Unable to read VR Path Registry from C:\Users\NEVERGUVEIP\AppData\Local\openvr\openvrpaths.vrpath
1534471758865	Marionette	INFO	Listening on port 50486
1534471759032	Marionette	WARN	TLS certificate errors will be ignored for this session
[Parent 7212, Gecko_IOThread] WARNING: pipe error: 109: file z:/build/build/src/ipc/chromium/src/chrome/common/ipc_channel_win.cc, line 346
[Child 1132, Chrome_ChildThread] WARNING: pipe error: 109: file z:/build/build/src/ipc/chromium/src/chrome/common/ipc_channel_win.cc, line 346
[Child 1132, Chrome_ChildThread] WARNING: pipe error: 109: file z:/b*** UTM:SVC TimerManager:registerTimer called after profile-before-change notification. Ignoring timer registration for id: telemetry_modules_ping
[GPU 18268, Chrom
###!!! [Child][MessageChannel::SendAndWait] Error: Channel error: cannot send/recv

1534471800223	geckodriver	INFO	geckodriver 0.21.0
1534471800245	geckodriver	INFO	Listening on 127.0.0.1:50557
1534471803262	mozrunner::runner	INFO	Running command: "C:\\Program Files\\Mozilla Firefox\\firefox.exe" "-marionette" "-foreground" "-no-remote" "-profile" "C:\\Users\\NEVERG~1\\AppData\\Local\\Temp\\rust_mozprofile.p9fzJT0vb73c"
Unable to read VR Path Registry from C:\Users\NEVERGUVEIP\AppData\Local\openvr\openvrpaths.vrpath
Unable to read VR Path Registry from C:\Users\NEVERGUVEIP\AppData\Local\openvr\openvrpaths.vrpath
Unable to read VR Path Registry from C:\Users\NEVERGUVEIP\AppData\Local\openvr\openvrpaths.vrpath
Unable to read VR Path Registry from C:\Users\NEVERGUVEIP\AppData\Local\openvr\openvrpaths.vrpath
Unable to read VR Path Registry from C:\Users\NEVERGUVEIP\AppData\Local\openvr\openvrpaths.vrpath
1534471805320	Marionette	INFO	Listening on port 50565
1534471805467	Marionette	WARN	TLS certificate errors will be ignored for this session
[Parent 19944, Gecko_IOThread] WARNING: pipe error: 109: file z:/build/build/src/ipc/chromium/src/chrome/common/ipc_channel_win.cc, line 346
[Child 9260, Chrome_ChildThread] WARNING: pipe error: 109: file z:/build/build/src/ipc/chromium/src/chrome/common/ipc_channel_win.cc, line 346
[Child 9260, Chrome_Chi[Parent 19944, Gecko_IOThread] WARNING: pipe error: 109: file z:/build/build/src/ipc/chromium/src/chrome/common/ipc_channel_win.cc, line 346
[Child 18048, Chrome_ChildThread] WARNING: pipe error: 109: file z:/build/build/src/ipc/chromium/src/chrome/common/ipc_channel_win.cc, line 346
[Child 18048, Chrome_ChildThread] WARNING: pipe*** UTM:SVC TimerManager:registerTimer called after profile-before-change notification. Ignoring timer registration for id: telemetry_modules_ping
[GPU 15248, Chrome
###!!! [Child][MessageChannel::SendAndWait] Error: Channel error: cannot send/recv

1534578159241	geckodriver	INFO	geckodriver 0.21.0
1534578159262	geckodriver	INFO	Listening on 127.0.0.1:53927
1534578162342	mozrunner::runner	INFO	Running command: "C:\\Program Files\\Mozilla Firefox\\firefox.exe" "-marionette" "-foreground" "-no-remote" "-profile" "C:\\Users\\NEVERG~1\\AppData\\Local\\Temp\\rust_mozprofile.TGw34Q62xmjG"
Unable to read VR Path Registry from C:\Users\NEVERGUVEIP\AppData\Local\openvr\openvrpaths.vrpath
Unable to read VR Path Registry from C:\Users\NEVERGUVEIP\AppData\Local\openvr\openvrpaths.vrpath
Unable to read VR Path Registry from C:\Users\NEVERGUVEIP\AppData\Local\openvr\openvrpaths.vrpath
Unable to read VR Path Registry from C:\Users\NEVERGUVEIP\AppData\Local\openvr\openvrpaths.vrpath
Unable to read VR Path Registry from C:\Users\NEVERGUVEIP\AppData\Local\openvr\openvrpaths.vrpath
1534578166239	Marionette	INFO	Listening on port 53935
1534578166716	Marionette	WARN	TLS certificate errors will be ignored for this session
[Parent 19376, Gecko_IOThread] WARNING: pipe error: 109: file z:/build/build/src/ipc/chromium/src/chrome/common/ipc_channel_win.cc, line 346
[Parent 19376, Gecko_IOThread] WARNING: pipe error: 109: file z:/build/build/src/ipc/chromium/src/chrome/common/ipc_channel_win.cc, line 346
[Child 32504, Chrome_ChildThread] WARNING: pipe error: 109: file z:/build/build/src/ipc/chromium/src/chrome/common/ipc_channel_win.cc, line 346
[Child 32504, Chrome_ChildThread] WARNING: pipe error: 109: file z:/build/build/src/ipc/chro[Child 29572, Chrome_ChildThread] WARNING: pipe error: 109: file z:/build/build/src/ipc/chromium/src/chrome/common/ipc_channel_win.cc, line 346
[Child 29572,*** UTM:SVC TimerManager:registerTimer called after profile-before-change notification. Ignoring timer registration for id: telemetry_modules_ping
[GPU 20220, Chrome_ChildTh
###!!! [Child][MessageChannel::SendAndWait] Error: Channel error: cannot send/recv

